  [4;36;1mSQL (0.7ms)[0m   [0;1m SELECT name
 FROM sqlite_master
 WHERE type = 'table' AND NOT name = 'sqlite_sequence'
[0m
  [4;35;1mSQL (0.2ms)[0m   [0mselect sqlite_version(*)[0m
  [4;36;1mSQL (4.4ms)[0m   [0;1mCREATE TABLE "schema_migrations" ("version" varchar(255) NOT NULL) [0m
  [4;35;1mSQL (3.2ms)[0m   [0mCREATE UNIQUE INDEX "unique_schema_migrations" ON "schema_migrations" ("version")[0m
  [4;36;1mSQL (0.3ms)[0m   [0;1m SELECT name
 FROM sqlite_master
 WHERE type = 'table' AND NOT name = 'sqlite_sequence'
[0m
  [4;35;1mSQL (0.2ms)[0m   [0mSELECT version FROM schema_migrations[0m
  [4;36;1mSQL (0.6ms)[0m   [0;1m SELECT name
 FROM sqlite_master
 WHERE type = 'table' AND NOT name = 'sqlite_sequence'
[0m
  [4;35;1mSQL (0.2ms)[0m   [0mselect sqlite_version(*)[0m
  [4;36;1mSQL (0.2ms)[0m   [0;1m SELECT name
 FROM sqlite_master
 WHERE type = 'table' AND NOT name = 'sqlite_sequence'
[0m
  [4;35;1mSQL (0.1ms)[0m   [0mSELECT version FROM schema_migrations[0m
  [4;36;1mSQL (0.2ms)[0m   [0;1m SELECT name
 FROM sqlite_master
 WHERE type = 'table' AND NOT name = 'sqlite_sequence'
[0m
  [4;36;1mSQL (0.5ms)[0m   [0;1m SELECT name
 FROM sqlite_master
 WHERE type = 'table' AND NOT name = 'sqlite_sequence'
[0m
  [4;35;1mSQL (0.1ms)[0m   [0mSELECT version FROM schema_migrations[0m
  [4;36;1mSQL (0.3ms)[0m   [0;1m SELECT name
 FROM sqlite_master
 WHERE type = 'table' AND NOT name = 'sqlite_sequence'
[0m
  [4;35;1mSQL (0.1ms)[0m   [0mselect sqlite_version(*)[0m
  [4;36;1mSQL (3.4ms)[0m   [0;1mCREATE TABLE "schema_migrations" ("version" varchar(255) NOT NULL) [0m
  [4;35;1mSQL (3.0ms)[0m   [0mCREATE UNIQUE INDEX "unique_schema_migrations" ON "schema_migrations" ("version")[0m
  [4;36;1mSQL (0.2ms)[0m   [0;1m SELECT name
 FROM sqlite_master
 WHERE type = 'table' AND NOT name = 'sqlite_sequence'
[0m
  [4;35;1mSQL (0.1ms)[0m   [0mSELECT version FROM "schema_migrations"[0m
  [4;36;1mSQL (1.9ms)[0m   [0;1mINSERT INTO "schema_migrations" (version) VALUES ('0')[0m
  [4;36;1mSQL (0.5ms)[0m   [0;1m SELECT name
 FROM sqlite_master
 WHERE type = 'table' AND NOT name = 'sqlite_sequence'
[0m
  [4;35;1mSQL (0.1ms)[0m   [0mSELECT version FROM schema_migrations[0m
  [4;36;1mSQL (0.3ms)[0m   [0;1m SELECT name
 FROM sqlite_master
 WHERE type = 'table' AND NOT name = 'sqlite_sequence'
[0m
  [4;35;1mSQL (0.1ms)[0m   [0mselect sqlite_version(*)[0m
  [4;36;1mSQL (3.9ms)[0m   [0;1mCREATE TABLE "schema_migrations" ("version" varchar(255) NOT NULL) [0m
  [4;35;1mSQL (2.8ms)[0m   [0mCREATE UNIQUE INDEX "unique_schema_migrations" ON "schema_migrations" ("version")[0m
  [4;36;1mSQL (0.2ms)[0m   [0;1m SELECT name
 FROM sqlite_master
 WHERE type = 'table' AND NOT name = 'sqlite_sequence'
[0m
  [4;35;1mSQL (0.2ms)[0m   [0mSELECT version FROM "schema_migrations"[0m
  [4;36;1mSQL (2.1ms)[0m   [0;1mINSERT INTO "schema_migrations" (version) VALUES ('0')[0m
  [4;36;1mSQL (0.5ms)[0m   [0;1m SELECT name
 FROM sqlite_master
 WHERE type = 'table' AND NOT name = 'sqlite_sequence'
[0m
  [4;35;1mSQL (0.1ms)[0m   [0mSELECT version FROM schema_migrations[0m
  [4;36;1mSQL (0.3ms)[0m   [0;1m SELECT name
 FROM sqlite_master
 WHERE type = 'table' AND NOT name = 'sqlite_sequence'
[0m
  [4;35;1mSQL (0.1ms)[0m   [0mselect sqlite_version(*)[0m
  [4;36;1mSQL (3.9ms)[0m   [0;1mCREATE TABLE "schema_migrations" ("version" varchar(255) NOT NULL) [0m
  [4;35;1mSQL (2.8ms)[0m   [0mCREATE UNIQUE INDEX "unique_schema_migrations" ON "schema_migrations" ("version")[0m
  [4;36;1mSQL (0.2ms)[0m   [0;1m SELECT name
 FROM sqlite_master
 WHERE type = 'table' AND NOT name = 'sqlite_sequence'
[0m
  [4;35;1mSQL (0.1ms)[0m   [0mSELECT version FROM "schema_migrations"[0m
  [4;36;1mSQL (2.2ms)[0m   [0;1mINSERT INTO "schema_migrations" (version) VALUES ('0')[0m
  [4;36;1mSQL (0.6ms)[0m   [0;1m SELECT name
 FROM sqlite_master
 WHERE type = 'table' AND NOT name = 'sqlite_sequence'
[0m
  [4;35;1mSQL (0.2ms)[0m   [0mSELECT version FROM schema_migrations[0m
  [4;36;1mSQL (0.4ms)[0m   [0;1m SELECT name
 FROM sqlite_master
 WHERE type = 'table' AND NOT name = 'sqlite_sequence'
[0m
  [4;35;1mSQL (0.2ms)[0m   [0mselect sqlite_version(*)[0m
  [4;36;1mSQL (3.8ms)[0m   [0;1mCREATE TABLE "schema_migrations" ("version" varchar(255) NOT NULL) [0m
  [4;35;1mSQL (2.7ms)[0m   [0mCREATE UNIQUE INDEX "unique_schema_migrations" ON "schema_migrations" ("version")[0m
  [4;36;1mSQL (0.3ms)[0m   [0;1m SELECT name
 FROM sqlite_master
 WHERE type = 'table' AND NOT name = 'sqlite_sequence'
[0m
  [4;35;1mSQL (0.2ms)[0m   [0mSELECT version FROM "schema_migrations"[0m
  [4;36;1mSQL (1.7ms)[0m   [0;1mINSERT INTO "schema_migrations" (version) VALUES ('0')[0m
  [4;36;1mSQL (0.5ms)[0m   [0;1m SELECT name
 FROM sqlite_master
 WHERE type = 'table' AND NOT name = 'sqlite_sequence'
[0m
  [4;35;1mSQL (0.1ms)[0m   [0mSELECT version FROM schema_migrations[0m
  [4;36;1mSQL (0.4ms)[0m   [0;1m SELECT name
 FROM sqlite_master
 WHERE type = 'table' AND NOT name = 'sqlite_sequence'
[0m
  [4;35;1mSQL (0.2ms)[0m   [0mselect sqlite_version(*)[0m
  [4;36;1mSQL (4.0ms)[0m   [0;1mCREATE TABLE "schema_migrations" ("version" varchar(255) NOT NULL) [0m
  [4;35;1mSQL (2.8ms)[0m   [0mCREATE UNIQUE INDEX "unique_schema_migrations" ON "schema_migrations" ("version")[0m
  [4;36;1mSQL (0.2ms)[0m   [0;1m SELECT name
 FROM sqlite_master
 WHERE type = 'table' AND NOT name = 'sqlite_sequence'
[0m
  [4;35;1mSQL (0.1ms)[0m   [0mSELECT version FROM "schema_migrations"[0m
  [4;36;1mSQL (2.4ms)[0m   [0;1mINSERT INTO "schema_migrations" (version) VALUES ('0')[0m
  [4;36;1mSQL (0.5ms)[0m   [0;1m SELECT name
 FROM sqlite_master
 WHERE type = 'table' AND NOT name = 'sqlite_sequence'
[0m
  [4;35;1mSQL (0.1ms)[0m   [0mSELECT version FROM schema_migrations[0m
  [4;36;1mSQL (0.3ms)[0m   [0;1m SELECT name
 FROM sqlite_master
 WHERE type = 'table' AND NOT name = 'sqlite_sequence'
[0m
  [4;35;1mSQL (0.1ms)[0m   [0mselect sqlite_version(*)[0m
  [4;36;1mSQL (3.8ms)[0m   [0;1mCREATE TABLE "schema_migrations" ("version" varchar(255) NOT NULL) [0m
  [4;35;1mSQL (2.8ms)[0m   [0mCREATE UNIQUE INDEX "unique_schema_migrations" ON "schema_migrations" ("version")[0m
  [4;36;1mSQL (0.2ms)[0m   [0;1m SELECT name
 FROM sqlite_master
 WHERE type = 'table' AND NOT name = 'sqlite_sequence'
[0m
  [4;35;1mSQL (0.1ms)[0m   [0mSELECT version FROM "schema_migrations"[0m
  [4;36;1mSQL (2.2ms)[0m   [0;1mINSERT INTO "schema_migrations" (version) VALUES ('0')[0m
  [4;36;1mSQL (0.5ms)[0m   [0;1m SELECT name
 FROM sqlite_master
 WHERE type = 'table' AND NOT name = 'sqlite_sequence'
[0m
  [4;35;1mSQL (0.1ms)[0m   [0mSELECT version FROM schema_migrations[0m
  [4;36;1mSQL (0.3ms)[0m   [0;1m SELECT name
 FROM sqlite_master
 WHERE type = 'table' AND NOT name = 'sqlite_sequence'
[0m
  [4;35;1mSQL (0.1ms)[0m   [0mselect sqlite_version(*)[0m
  [4;36;1mSQL (4.5ms)[0m   [0;1mCREATE TABLE "schema_migrations" ("version" varchar(255) NOT NULL) [0m
  [4;35;1mSQL (2.9ms)[0m   [0mCREATE UNIQUE INDEX "unique_schema_migrations" ON "schema_migrations" ("version")[0m
  [4;36;1mSQL (0.2ms)[0m   [0;1m SELECT name
 FROM sqlite_master
 WHERE type = 'table' AND NOT name = 'sqlite_sequence'
[0m
  [4;35;1mSQL (0.1ms)[0m   [0mSELECT version FROM "schema_migrations"[0m
  [4;36;1mSQL (2.2ms)[0m   [0;1mINSERT INTO "schema_migrations" (version) VALUES ('0')[0m
  [4;36;1mSQL (0.5ms)[0m   [0;1m SELECT name
 FROM sqlite_master
 WHERE type = 'table' AND NOT name = 'sqlite_sequence'
[0m
  [4;35;1mSQL (0.1ms)[0m   [0mSELECT version FROM schema_migrations[0m
  [4;36;1mSQL (0.3ms)[0m   [0;1m SELECT name
 FROM sqlite_master
 WHERE type = 'table' AND NOT name = 'sqlite_sequence'
[0m
  [4;35;1mSQL (0.1ms)[0m   [0mselect sqlite_version(*)[0m
  [4;36;1mSQL (4.2ms)[0m   [0;1mCREATE TABLE "schema_migrations" ("version" varchar(255) NOT NULL) [0m
  [4;35;1mSQL (3.0ms)[0m   [0mCREATE UNIQUE INDEX "unique_schema_migrations" ON "schema_migrations" ("version")[0m
  [4;36;1mSQL (0.3ms)[0m   [0;1m SELECT name
 FROM sqlite_master
 WHERE type = 'table' AND NOT name = 'sqlite_sequence'
[0m
  [4;35;1mSQL (0.1ms)[0m   [0mSELECT version FROM "schema_migrations"[0m
  [4;36;1mSQL (2.2ms)[0m   [0;1mINSERT INTO "schema_migrations" (version) VALUES ('0')[0m
  [4;36;1mSQL (0.5ms)[0m   [0;1m SELECT name
 FROM sqlite_master
 WHERE type = 'table' AND NOT name = 'sqlite_sequence'
[0m
  [4;35;1mSQL (0.1ms)[0m   [0mSELECT version FROM schema_migrations[0m
  [4;36;1mSQL (0.3ms)[0m   [0;1m SELECT name
 FROM sqlite_master
 WHERE type = 'table' AND NOT name = 'sqlite_sequence'
[0m
  [4;35;1mSQL (0.1ms)[0m   [0mselect sqlite_version(*)[0m
  [4;36;1mSQL (4.1ms)[0m   [0;1mCREATE TABLE "schema_migrations" ("version" varchar(255) NOT NULL) [0m
  [4;35;1mSQL (3.6ms)[0m   [0mCREATE UNIQUE INDEX "unique_schema_migrations" ON "schema_migrations" ("version")[0m
  [4;36;1mSQL (0.2ms)[0m   [0;1m SELECT name
 FROM sqlite_master
 WHERE type = 'table' AND NOT name = 'sqlite_sequence'
[0m
  [4;35;1mSQL (0.1ms)[0m   [0mSELECT version FROM "schema_migrations"[0m
  [4;36;1mSQL (1.8ms)[0m   [0;1mINSERT INTO "schema_migrations" (version) VALUES ('0')[0m
  [4;36;1mSQL (0.5ms)[0m   [0;1m SELECT name
 FROM sqlite_master
 WHERE type = 'table' AND NOT name = 'sqlite_sequence'
[0m
  [4;35;1mSQL (0.1ms)[0m   [0mSELECT version FROM schema_migrations[0m
  [4;36;1mSQL (0.3ms)[0m   [0;1m SELECT name
 FROM sqlite_master
 WHERE type = 'table' AND NOT name = 'sqlite_sequence'
[0m
  [4;35;1mSQL (0.1ms)[0m   [0mselect sqlite_version(*)[0m
  [4;36;1mSQL (3.7ms)[0m   [0;1mCREATE TABLE "schema_migrations" ("version" varchar(255) NOT NULL) [0m
  [4;35;1mSQL (2.8ms)[0m   [0mCREATE UNIQUE INDEX "unique_schema_migrations" ON "schema_migrations" ("version")[0m
  [4;36;1mSQL (0.2ms)[0m   [0;1m SELECT name
 FROM sqlite_master
 WHERE type = 'table' AND NOT name = 'sqlite_sequence'
[0m
  [4;35;1mSQL (0.1ms)[0m   [0mSELECT version FROM "schema_migrations"[0m
  [4;36;1mSQL (2.5ms)[0m   [0;1mINSERT INTO "schema_migrations" (version) VALUES ('0')[0m
  [4;36;1mSQL (0.5ms)[0m   [0;1m SELECT name
 FROM sqlite_master
 WHERE type = 'table' AND NOT name = 'sqlite_sequence'
[0m
  [4;35;1mSQL (0.1ms)[0m   [0mSELECT version FROM schema_migrations[0m
  [4;36;1mSQL (0.3ms)[0m   [0;1m SELECT name
 FROM sqlite_master
 WHERE type = 'table' AND NOT name = 'sqlite_sequence'
[0m
  [4;35;1mSQL (0.2ms)[0m   [0mselect sqlite_version(*)[0m
  [4;36;1mSQL (3.8ms)[0m   [0;1mCREATE TABLE "schema_migrations" ("version" varchar(255) NOT NULL) [0m
  [4;35;1mSQL (3.0ms)[0m   [0mCREATE UNIQUE INDEX "unique_schema_migrations" ON "schema_migrations" ("version")[0m
  [4;36;1mSQL (0.2ms)[0m   [0;1m SELECT name
 FROM sqlite_master
 WHERE type = 'table' AND NOT name = 'sqlite_sequence'
[0m
  [4;35;1mSQL (0.1ms)[0m   [0mSELECT version FROM "schema_migrations"[0m
  [4;36;1mSQL (2.1ms)[0m   [0;1mINSERT INTO "schema_migrations" (version) VALUES ('0')[0m
  [4;36;1mSQL (0.5ms)[0m   [0;1m SELECT name
 FROM sqlite_master
 WHERE type = 'table' AND NOT name = 'sqlite_sequence'
[0m
  [4;35;1mSQL (0.1ms)[0m   [0mSELECT version FROM schema_migrations[0m
  [4;36;1mSQL (0.3ms)[0m   [0;1m SELECT name
 FROM sqlite_master
 WHERE type = 'table' AND NOT name = 'sqlite_sequence'
[0m
  [4;35;1mSQL (0.1ms)[0m   [0mselect sqlite_version(*)[0m
  [4;36;1mSQL (4.1ms)[0m   [0;1mCREATE TABLE "schema_migrations" ("version" varchar(255) NOT NULL) [0m
  [4;35;1mSQL (2.8ms)[0m   [0mCREATE UNIQUE INDEX "unique_schema_migrations" ON "schema_migrations" ("version")[0m
  [4;36;1mSQL (0.2ms)[0m   [0;1m SELECT name
 FROM sqlite_master
 WHERE type = 'table' AND NOT name = 'sqlite_sequence'
[0m
  [4;35;1mSQL (0.1ms)[0m   [0mSELECT version FROM "schema_migrations"[0m
  [4;36;1mSQL (2.6ms)[0m   [0;1mINSERT INTO "schema_migrations" (version) VALUES ('0')[0m
  [4;36;1mSQL (0.6ms)[0m   [0;1m SELECT name
 FROM sqlite_master
 WHERE type = 'table' AND NOT name = 'sqlite_sequence'
[0m
  [4;35;1mSQL (0.1ms)[0m   [0mSELECT version FROM schema_migrations[0m
  [4;36;1mSQL (0.4ms)[0m   [0;1m SELECT name
 FROM sqlite_master
 WHERE type = 'table' AND NOT name = 'sqlite_sequence'
[0m
  [4;35;1mSQL (0.1ms)[0m   [0mselect sqlite_version(*)[0m
  [4;36;1mSQL (4.4ms)[0m   [0;1mCREATE TABLE "schema_migrations" ("version" varchar(255) NOT NULL) [0m
  [4;35;1mSQL (2.7ms)[0m   [0mCREATE UNIQUE INDEX "unique_schema_migrations" ON "schema_migrations" ("version")[0m
  [4;36;1mSQL (0.2ms)[0m   [0;1m SELECT name
 FROM sqlite_master
 WHERE type = 'table' AND NOT name = 'sqlite_sequence'
[0m
  [4;35;1mSQL (0.1ms)[0m   [0mSELECT version FROM "schema_migrations"[0m
  [4;36;1mSQL (2.8ms)[0m   [0;1mINSERT INTO "schema_migrations" (version) VALUES ('0')[0m
  [4;36;1mSQL (0.5ms)[0m   [0;1m SELECT name
 FROM sqlite_master
 WHERE type = 'table' AND NOT name = 'sqlite_sequence'
[0m
  [4;35;1mSQL (0.1ms)[0m   [0mSELECT version FROM schema_migrations[0m
  [4;36;1mSQL (0.3ms)[0m   [0;1m SELECT name
 FROM sqlite_master
 WHERE type = 'table' AND NOT name = 'sqlite_sequence'
[0m
  [4;35;1mSQL (0.1ms)[0m   [0mselect sqlite_version(*)[0m
  [4;36;1mSQL (5.6ms)[0m   [0;1mCREATE TABLE "schema_migrations" ("version" varchar(255) NOT NULL) [0m
  [4;35;1mSQL (2.8ms)[0m   [0mCREATE UNIQUE INDEX "unique_schema_migrations" ON "schema_migrations" ("version")[0m
  [4;36;1mSQL (0.2ms)[0m   [0;1m SELECT name
 FROM sqlite_master
 WHERE type = 'table' AND NOT name = 'sqlite_sequence'
[0m
  [4;35;1mSQL (0.1ms)[0m   [0mSELECT version FROM "schema_migrations"[0m
  [4;36;1mSQL (1.7ms)[0m   [0;1mINSERT INTO "schema_migrations" (version) VALUES ('0')[0m
  [4;36;1mSQL (0.5ms)[0m   [0;1m SELECT name
 FROM sqlite_master
 WHERE type = 'table' AND NOT name = 'sqlite_sequence'
[0m
  [4;35;1mSQL (0.1ms)[0m   [0mSELECT version FROM schema_migrations[0m
  [4;36;1mSQL (0.3ms)[0m   [0;1m SELECT name
 FROM sqlite_master
 WHERE type = 'table' AND NOT name = 'sqlite_sequence'
[0m
  [4;35;1mSQL (0.1ms)[0m   [0mselect sqlite_version(*)[0m
  [4;36;1mSQL (3.8ms)[0m   [0;1mCREATE TABLE "schema_migrations" ("version" varchar(255) NOT NULL) [0m
  [4;35;1mSQL (2.7ms)[0m   [0mCREATE UNIQUE INDEX "unique_schema_migrations" ON "schema_migrations" ("version")[0m
  [4;36;1mSQL (0.2ms)[0m   [0;1m SELECT name
 FROM sqlite_master
 WHERE type = 'table' AND NOT name = 'sqlite_sequence'
[0m
  [4;35;1mSQL (0.1ms)[0m   [0mSELECT version FROM "schema_migrations"[0m
  [4;36;1mSQL (2.4ms)[0m   [0;1mINSERT INTO "schema_migrations" (version) VALUES ('0')[0m
  [4;36;1mSQL (0.5ms)[0m   [0;1m SELECT name
 FROM sqlite_master
 WHERE type = 'table' AND NOT name = 'sqlite_sequence'
[0m
  [4;35;1mSQL (0.1ms)[0m   [0mSELECT version FROM schema_migrations[0m
  [4;36;1mSQL (0.3ms)[0m   [0;1m SELECT name
 FROM sqlite_master
 WHERE type = 'table' AND NOT name = 'sqlite_sequence'
[0m
  [4;35;1mSQL (0.1ms)[0m   [0mselect sqlite_version(*)[0m
  [4;36;1mSQL (4.0ms)[0m   [0;1mCREATE TABLE "schema_migrations" ("version" varchar(255) NOT NULL) [0m
  [4;35;1mSQL (2.7ms)[0m   [0mCREATE UNIQUE INDEX "unique_schema_migrations" ON "schema_migrations" ("version")[0m
  [4;36;1mSQL (0.2ms)[0m   [0;1m SELECT name
 FROM sqlite_master
 WHERE type = 'table' AND NOT name = 'sqlite_sequence'
[0m
  [4;35;1mSQL (0.1ms)[0m   [0mSELECT version FROM "schema_migrations"[0m
  [4;36;1mSQL (1.8ms)[0m   [0;1mINSERT INTO "schema_migrations" (version) VALUES ('0')[0m
  [4;36;1mSQL (0.5ms)[0m   [0;1m SELECT name
 FROM sqlite_master
 WHERE type = 'table' AND NOT name = 'sqlite_sequence'
[0m
  [4;35;1mSQL (0.1ms)[0m   [0mSELECT version FROM schema_migrations[0m
  [4;36;1mSQL (0.3ms)[0m   [0;1m SELECT name
 FROM sqlite_master
 WHERE type = 'table' AND NOT name = 'sqlite_sequence'
[0m
  [4;35;1mSQL (0.1ms)[0m   [0mselect sqlite_version(*)[0m
  [4;36;1mSQL (3.9ms)[0m   [0;1mCREATE TABLE "schema_migrations" ("version" varchar(255) NOT NULL) [0m
  [4;35;1mSQL (2.9ms)[0m   [0mCREATE UNIQUE INDEX "unique_schema_migrations" ON "schema_migrations" ("version")[0m
  [4;36;1mSQL (0.2ms)[0m   [0;1m SELECT name
 FROM sqlite_master
 WHERE type = 'table' AND NOT name = 'sqlite_sequence'
[0m
  [4;35;1mSQL (0.1ms)[0m   [0mSELECT version FROM "schema_migrations"[0m
  [4;36;1mSQL (1.9ms)[0m   [0;1mINSERT INTO "schema_migrations" (version) VALUES ('0')[0m
  [4;36;1mSQL (0.5ms)[0m   [0;1m SELECT name
 FROM sqlite_master
 WHERE type = 'table' AND NOT name = 'sqlite_sequence'
[0m
  [4;35;1mSQL (0.1ms)[0m   [0mSELECT version FROM schema_migrations[0m
  [4;36;1mSQL (0.3ms)[0m   [0;1m SELECT name
 FROM sqlite_master
 WHERE type = 'table' AND NOT name = 'sqlite_sequence'
[0m
  [4;35;1mSQL (0.1ms)[0m   [0mselect sqlite_version(*)[0m
  [4;36;1mSQL (3.4ms)[0m   [0;1mCREATE TABLE "schema_migrations" ("version" varchar(255) NOT NULL) [0m
  [4;35;1mSQL (2.7ms)[0m   [0mCREATE UNIQUE INDEX "unique_schema_migrations" ON "schema_migrations" ("version")[0m
  [4;36;1mSQL (0.2ms)[0m   [0;1m SELECT name
 FROM sqlite_master
 WHERE type = 'table' AND NOT name = 'sqlite_sequence'
[0m
  [4;35;1mSQL (0.2ms)[0m   [0mSELECT version FROM "schema_migrations"[0m
  [4;36;1mSQL (2.1ms)[0m   [0;1mINSERT INTO "schema_migrations" (version) VALUES ('0')[0m
  [4;36;1mSQL (0.6ms)[0m   [0;1m SELECT name
 FROM sqlite_master
 WHERE type = 'table' AND NOT name = 'sqlite_sequence'
[0m
  [4;35;1mSQL (0.1ms)[0m   [0mSELECT version FROM schema_migrations[0m
  [4;36;1mSQL (0.3ms)[0m   [0;1m SELECT name
 FROM sqlite_master
 WHERE type = 'table' AND NOT name = 'sqlite_sequence'
[0m
  [4;35;1mSQL (0.1ms)[0m   [0mselect sqlite_version(*)[0m
  [4;36;1mSQL (3.3ms)[0m   [0;1mCREATE TABLE "schema_migrations" ("version" varchar(255) NOT NULL) [0m
  [4;35;1mSQL (2.7ms)[0m   [0mCREATE UNIQUE INDEX "unique_schema_migrations" ON "schema_migrations" ("version")[0m
  [4;36;1mSQL (0.2ms)[0m   [0;1m SELECT name
 FROM sqlite_master
 WHERE type = 'table' AND NOT name = 'sqlite_sequence'
[0m
  [4;35;1mSQL (0.1ms)[0m   [0mSELECT version FROM "schema_migrations"[0m
  [4;36;1mSQL (1.8ms)[0m   [0;1mINSERT INTO "schema_migrations" (version) VALUES ('0')[0m
  [4;36;1mSQL (0.5ms)[0m   [0;1m SELECT name
 FROM sqlite_master
 WHERE type = 'table' AND NOT name = 'sqlite_sequence'
[0m
  [4;35;1mSQL (0.1ms)[0m   [0mSELECT version FROM schema_migrations[0m
  [4;36;1mSQL (0.3ms)[0m   [0;1m SELECT name
 FROM sqlite_master
 WHERE type = 'table' AND NOT name = 'sqlite_sequence'
[0m
  [4;35;1mSQL (0.1ms)[0m   [0mselect sqlite_version(*)[0m
  [4;36;1mSQL (4.5ms)[0m   [0;1mCREATE TABLE "schema_migrations" ("version" varchar(255) NOT NULL) [0m
  [4;35;1mSQL (2.8ms)[0m   [0mCREATE UNIQUE INDEX "unique_schema_migrations" ON "schema_migrations" ("version")[0m
  [4;36;1mSQL (0.3ms)[0m   [0;1m SELECT name
 FROM sqlite_master
 WHERE type = 'table' AND NOT name = 'sqlite_sequence'
[0m
  [4;35;1mSQL (0.1ms)[0m   [0mSELECT version FROM "schema_migrations"[0m
  [4;36;1mSQL (2.2ms)[0m   [0;1mINSERT INTO "schema_migrations" (version) VALUES ('0')[0m
  [4;36;1mSQL (0.5ms)[0m   [0;1m SELECT name
 FROM sqlite_master
 WHERE type = 'table' AND NOT name = 'sqlite_sequence'
[0m
  [4;35;1mSQL (0.1ms)[0m   [0mSELECT version FROM schema_migrations[0m
  [4;36;1mSQL (0.3ms)[0m   [0;1m SELECT name
 FROM sqlite_master
 WHERE type = 'table' AND NOT name = 'sqlite_sequence'
[0m
  [4;35;1mSQL (0.1ms)[0m   [0mselect sqlite_version(*)[0m
  [4;36;1mSQL (4.8ms)[0m   [0;1mCREATE TABLE "schema_migrations" ("version" varchar(255) NOT NULL) [0m
  [4;35;1mSQL (2.7ms)[0m   [0mCREATE UNIQUE INDEX "unique_schema_migrations" ON "schema_migrations" ("version")[0m
  [4;36;1mSQL (0.2ms)[0m   [0;1m SELECT name
 FROM sqlite_master
 WHERE type = 'table' AND NOT name = 'sqlite_sequence'
[0m
  [4;35;1mSQL (0.1ms)[0m   [0mSELECT version FROM "schema_migrations"[0m
  [4;36;1mSQL (2.2ms)[0m   [0;1mINSERT INTO "schema_migrations" (version) VALUES ('0')[0m
  [4;36;1mSQL (0.6ms)[0m   [0;1m SELECT name
 FROM sqlite_master
 WHERE type = 'table' AND NOT name = 'sqlite_sequence'
[0m
  [4;35;1mSQL (0.2ms)[0m   [0mSELECT version FROM schema_migrations[0m
  [4;36;1mSQL (0.3ms)[0m   [0;1m SELECT name
 FROM sqlite_master
 WHERE type = 'table' AND NOT name = 'sqlite_sequence'
[0m
  [4;35;1mSQL (0.1ms)[0m   [0mselect sqlite_version(*)[0m
  [4;36;1mSQL (3.5ms)[0m   [0;1mCREATE TABLE "schema_migrations" ("version" varchar(255) NOT NULL) [0m
  [4;35;1mSQL (2.7ms)[0m   [0mCREATE UNIQUE INDEX "unique_schema_migrations" ON "schema_migrations" ("version")[0m
  [4;36;1mSQL (0.2ms)[0m   [0;1m SELECT name
 FROM sqlite_master
 WHERE type = 'table' AND NOT name = 'sqlite_sequence'
[0m
  [4;35;1mSQL (0.1ms)[0m   [0mSELECT version FROM "schema_migrations"[0m
  [4;36;1mSQL (2.1ms)[0m   [0;1mINSERT INTO "schema_migrations" (version) VALUES ('0')[0m


Processing MainController#index (for 127.0.0.1 at 2010-04-12 23:15:54) [GET]
Rendering template within layouts/application
Rendering main/index
Completed in 27ms (View: 21, DB: 0) | 200 OK [http://localhost/]


Processing MainController#index (for 127.0.0.1 at 2010-04-12 23:16:54) [GET]
Rendering template within layouts/application
Rendering main/index
Completed in 24ms (View: 19, DB: 0) | 200 OK [http://localhost/]


Processing MainController#index (for 127.0.0.1 at 2010-04-12 23:33:56) [GET]
Rendering template within layouts/application
Rendering main/index
Completed in 15ms (View: 12, DB: 0) | 200 OK [http://localhost/]


Processing MainController#index (for 127.0.0.1 at 2010-04-12 23:34:39) [GET]
Rendering template within layouts/application
Rendering main/index
Completed in 9ms (View: 3, DB: 0) | 200 OK [http://localhost/]


Processing MainController#index (for 127.0.0.1 at 2010-04-12 23:35:08) [GET]
Rendering template within layouts/application
Rendering main/index
Completed in 7ms (View: 2, DB: 0) | 200 OK [http://localhost/]


Processing MainController#index (for 127.0.0.1 at 2010-04-12 23:35:19) [GET]
Rendering template within layouts/application
Rendering main/index
Completed in 8ms (View: 2, DB: 0) | 200 OK [http://localhost/]


Processing MainController#index (for 127.0.0.1 at 2010-04-12 23:35:42) [GET]
Rendering template within layouts/application
Rendering main/index
Completed in 17ms (View: 12, DB: 0) | 200 OK [http://localhost/]


Processing MainController#index (for 127.0.0.1 at 2010-04-12 23:40:04) [GET]
Rendering template within layouts/application
Rendering main/index
Completed in 14ms (View: 9, DB: 0) | 200 OK [http://localhost/]


Processing MainController#index (for 127.0.0.1 at 2010-04-12 23:40:37) [GET]
Rendering template within layouts/application
Rendering main/index
Completed in 8ms (View: 2, DB: 0) | 200 OK [http://localhost/]


Processing MainController#index (for 127.0.0.1 at 2010-04-12 23:41:30) [GET]
Rendering template within layouts/application
Rendering main/index
Completed in 18ms (View: 9, DB: 0) | 200 OK [http://localhost/]


Processing MainController#index (for 127.0.0.1 at 2010-04-12 23:42:24) [GET]
Rendering template within layouts/application
Rendering main/index
Completed in 72ms (View: 65, DB: 0) | 200 OK [http://localhost/]


Processing MainController#index (for 127.0.0.1 at 2010-04-12 23:44:11) [GET]
Rendering template within layouts/application
Rendering main/index
Completed in 8ms (View: 2, DB: 0) | 200 OK [http://localhost/]


Processing MainController#index (for 127.0.0.1 at 2010-04-12 23:44:34) [GET]
Rendering template within layouts/application
Rendering main/index
Completed in 23ms (View: 2, DB: 0) | 200 OK [http://localhost/]


Processing MainController#index (for 127.0.0.1 at 2010-04-12 23:44:47) [GET]
Rendering template within layouts/application
Rendering main/index
Completed in 8ms (View: 2, DB: 0) | 200 OK [http://localhost/]


Processing MainController#index (for 127.0.0.1 at 2010-04-12 23:45:03) [GET]
Rendering template within layouts/application
Rendering main/index
Completed in 10ms (View: 2, DB: 0) | 200 OK [http://localhost/]


Processing MainController#index (for 127.0.0.1 at 2010-04-12 23:45:42) [GET]
Rendering template within layouts/application
Rendering main/index
Completed in 7ms (View: 2, DB: 0) | 200 OK [http://localhost/]


Processing MainController#index (for 127.0.0.1 at 2010-04-12 23:46:41) [GET]
Rendering template within layouts/application
Rendering main/index
Completed in 7ms (View: 2, DB: 0) | 200 OK [http://localhost/]


Processing MainController#index (for 127.0.0.1 at 2010-04-12 23:46:50) [GET]
Rendering template within layouts/application
Rendering main/index
Completed in 5ms (View: 1, DB: 0) | 200 OK [http://localhost/]


Processing MainController#index (for 127.0.0.1 at 2010-04-12 23:47:14) [GET]
Rendering template within layouts/application
Rendering main/index
Completed in 8ms (View: 2, DB: 0) | 200 OK [http://localhost/]


Processing MainController#index (for 127.0.0.1 at 2010-04-12 23:47:39) [GET]
Rendering template within layouts/application
Rendering main/index
Completed in 7ms (View: 2, DB: 0) | 200 OK [http://localhost/]


Processing MainController#index (for 127.0.0.1 at 2010-04-12 23:47:47) [GET]
Rendering template within layouts/application
Rendering main/index
Completed in 7ms (View: 2, DB: 0) | 200 OK [http://localhost/]


Processing MainController#index (for 127.0.0.1 at 2010-04-12 23:47:52) [GET]
Rendering template within layouts/application
Rendering main/index
Completed in 7ms (View: 2, DB: 0) | 200 OK [http://localhost/]


Processing MainController#index (for 127.0.0.1 at 2010-04-12 23:48:07) [GET]
Rendering template within layouts/application
Rendering main/index
Completed in 5ms (View: 2, DB: 0) | 200 OK [http://localhost/]


Processing MainController#index (for 127.0.0.1 at 2010-04-12 23:48:17) [GET]
Rendering template within layouts/application
Rendering main/index
Completed in 12ms (View: 2, DB: 0) | 200 OK [http://localhost/]


Processing MainController#index (for 127.0.0.1 at 2010-04-12 23:48:27) [GET]
Rendering template within layouts/application
Rendering main/index
Completed in 8ms (View: 2, DB: 0) | 200 OK [http://localhost/]


Processing MainController#index (for 127.0.0.1 at 2010-04-12 23:48:37) [GET]
Rendering template within layouts/application
Rendering main/index
Completed in 9ms (View: 2, DB: 0) | 200 OK [http://localhost/]


Processing MainController#index (for 127.0.0.1 at 2010-04-12 23:48:50) [GET]
Rendering template within layouts/application
Rendering main/index
Completed in 8ms (View: 2, DB: 0) | 200 OK [http://localhost/]


Processing MainController#index (for 127.0.0.1 at 2010-04-12 23:50:07) [GET]
Rendering template within layouts/application
Rendering main/index
Completed in 25ms (View: 19, DB: 0) | 200 OK [http://localhost/]


Processing MainController#index (for 127.0.0.1 at 2010-04-12 23:50:11) [GET]
Rendering template within layouts/application
Rendering main/index
Completed in 8ms (View: 2, DB: 0) | 200 OK [http://localhost/]


Processing MainController#index (for 127.0.0.1 at 2010-04-12 23:50:13) [GET]
Rendering template within layouts/application
Rendering main/index
Completed in 7ms (View: 2, DB: 0) | 200 OK [http://localhost/]


Processing MainController#index (for 127.0.0.1 at 2010-04-12 23:50:16) [GET]
Rendering template within layouts/application
Rendering main/index
Completed in 9ms (View: 2, DB: 0) | 200 OK [http://localhost/]


Processing MainController#index (for 127.0.0.1 at 2010-04-12 23:50:19) [GET]
Rendering template within layouts/application
Rendering main/index
Completed in 7ms (View: 2, DB: 0) | 200 OK [http://localhost/]


Processing MainController#index (for 127.0.0.1 at 2010-04-12 23:50:21) [GET]
Rendering template within layouts/application
Rendering main/index
Completed in 8ms (View: 2, DB: 0) | 200 OK [http://localhost/]


Processing MainController#index (for 127.0.0.1 at 2010-04-12 23:50:24) [GET]
Rendering template within layouts/application
Rendering main/index
Completed in 8ms (View: 2, DB: 0) | 200 OK [http://localhost/]


Processing MainController#index (for 127.0.0.1 at 2010-04-12 23:50:26) [GET]
Rendering template within layouts/application
Rendering main/index
Completed in 8ms (View: 2, DB: 0) | 200 OK [http://localhost/]


Processing MainController#index (for 127.0.0.1 at 2010-04-12 23:50:27) [GET]
Rendering template within layouts/application
Rendering main/index
Completed in 8ms (View: 2, DB: 0) | 200 OK [http://localhost/]


Processing MainController#index (for 127.0.0.1 at 2010-04-12 23:50:30) [GET]
Rendering template within layouts/application
Rendering main/index
Completed in 9ms (View: 2, DB: 0) | 200 OK [http://localhost/]


Processing MainController#index (for 127.0.0.1 at 2010-04-12 23:50:39) [GET]
Rendering template within layouts/application
Rendering main/index
Completed in 8ms (View: 2, DB: 0) | 200 OK [http://localhost/]


Processing MainController#index (for 127.0.0.1 at 2010-04-12 23:50:53) [GET]
Rendering template within layouts/application
Rendering main/index
Completed in 16ms (View: 2, DB: 0) | 200 OK [http://localhost/]


Processing MainController#index (for 127.0.0.1 at 2010-04-12 23:51:06) [GET]
Rendering template within layouts/application
Rendering main/index
Completed in 9ms (View: 2, DB: 0) | 200 OK [http://localhost/]


Processing MainController#index (for 127.0.0.1 at 2010-04-12 23:51:57) [GET]
Rendering template within layouts/application
Rendering main/index
Completed in 8ms (View: 2, DB: 0) | 200 OK [http://localhost/]


Processing MainController#index (for 127.0.0.1 at 2010-04-12 23:51:59) [GET]
Rendering template within layouts/application
Rendering main/index
Completed in 9ms (View: 2, DB: 0) | 200 OK [http://localhost/]


Processing MainController#index (for 127.0.0.1 at 2010-04-12 23:52:02) [GET]
Rendering template within layouts/application
Rendering main/index
Completed in 19ms (View: 2, DB: 0) | 200 OK [http://localhost/]


Processing MainController#index (for 127.0.0.1 at 2010-04-12 23:52:05) [GET]
Rendering template within layouts/application
Rendering main/index
Completed in 12ms (View: 2, DB: 0) | 200 OK [http://localhost/]


Processing MainController#index (for 127.0.0.1 at 2010-04-12 23:52:17) [GET]
Rendering template within layouts/application
Rendering main/index
Completed in 8ms (View: 2, DB: 0) | 200 OK [http://localhost/]


Processing MainController#index (for 127.0.0.1 at 2010-04-12 23:53:36) [GET]
Rendering template within layouts/application
Rendering main/index
Completed in 7ms (View: 2, DB: 0) | 200 OK [http://localhost/]


Processing MainController#index (for 127.0.0.1 at 2010-04-12 23:53:39) [GET]
Rendering template within layouts/application
Rendering main/index
Completed in 7ms (View: 2, DB: 0) | 200 OK [http://localhost/]


Processing MainController#index (for 127.0.0.1 at 2010-04-12 23:53:53) [GET]
Rendering template within layouts/application
Rendering main/index
Completed in 10ms (View: 2, DB: 0) | 200 OK [http://localhost/]


Processing MainController#index (for 127.0.0.1 at 2010-04-12 23:53:54) [GET]
Rendering template within layouts/application
Rendering main/index
Completed in 8ms (View: 2, DB: 0) | 200 OK [http://localhost/]


Processing MainController#index (for 127.0.0.1 at 2010-04-12 23:53:58) [GET]
Rendering template within layouts/application
Rendering main/index
Completed in 78ms (View: 2, DB: 0) | 200 OK [http://localhost/]


Processing MainController#index (for 127.0.0.1 at 2010-04-12 23:53:59) [GET]
Rendering template within layouts/application
Rendering main/index
Completed in 5ms (View: 1, DB: 0) | 200 OK [http://localhost/]


Processing MainController#index (for 127.0.0.1 at 2010-04-12 23:54:01) [GET]
Rendering template within layouts/application
Rendering main/index
Completed in 8ms (View: 2, DB: 0) | 200 OK [http://localhost/]


Processing MainController#index (for 127.0.0.1 at 2010-04-12 23:54:03) [GET]
Rendering template within layouts/application
Rendering main/index
Completed in 7ms (View: 2, DB: 0) | 200 OK [http://localhost/]


Processing MainController#index (for 127.0.0.1 at 2010-04-12 23:54:04) [GET]
Rendering template within layouts/application
Rendering main/index
Completed in 8ms (View: 2, DB: 0) | 200 OK [http://localhost/]


Processing MainController#index (for 127.0.0.1 at 2010-04-12 23:54:05) [GET]
Rendering template within layouts/application
Rendering main/index
Completed in 8ms (View: 2, DB: 0) | 200 OK [http://localhost/]


Processing MainController#index (for 127.0.0.1 at 2010-04-12 23:54:09) [GET]
Rendering template within layouts/application
Rendering main/index
Completed in 11ms (View: 2, DB: 0) | 200 OK [http://localhost/]


Processing MainController#index (for 127.0.0.1 at 2010-04-12 23:54:12) [GET]
Rendering template within layouts/application
Rendering main/index
Completed in 8ms (View: 2, DB: 0) | 200 OK [http://localhost/]


Processing MainController#index (for 127.0.0.1 at 2010-04-12 23:54:16) [GET]
Rendering template within layouts/application
Rendering main/index
Completed in 9ms (View: 3, DB: 0) | 200 OK [http://localhost/]


Processing MainController#index (for 127.0.0.1 at 2010-04-12 23:54:26) [GET]
Rendering template within layouts/application
Rendering main/index
Completed in 7ms (View: 2, DB: 0) | 200 OK [http://localhost/]


Processing MainController#index (for 127.0.0.1 at 2010-04-12 23:54:28) [GET]
Rendering template within layouts/application
Rendering main/index
Completed in 7ms (View: 2, DB: 0) | 200 OK [http://localhost/]


Processing MainController#index (for 127.0.0.1 at 2010-04-13 00:12:13) [GET]
Rendering template within layouts/application
Rendering main/index
Completed in 15ms (View: 12, DB: 0) | 200 OK [http://localhost/]
